# JRE version: OpenJDK Runtime Environment (8.0_202) (build 1.8.0_202-release-1483-b49-5587405)
# Java VM: OpenJDK 64-Bit Server VM (25.202-b49-5587405 mixed mode linux-amd64 compressed oops)
Heap:
 PSYoungGen      total 217600K, used 25583K [0x00000000e0000000, 0x00000000ef700000, 0x0000000100000000)
  eden space 192000K, 0% used [0x00000000e0000000,0x00000000e0000000,0x00000000ebb80000)
  from space 25600K, 99% used [0x00000000ebb80000,0x00000000ed47bec8,0x00000000ed480000)
  to   space 16384K, 0% used [0x00000000ed480000,0x00000000ed480000,0x00000000ee480000)
 ParOldGen       total 102912K, used 102791K [0x00000000a0000000, 0x00000000a6480000, 0x00000000e0000000)
  object space 102912K, 99% used [0x00000000a0000000,0x00000000a6461f50,0x00000000a6480000)
 Metaspace       used 78778K, capacity 81722K, committed 81832K, reserved 1120256K
  class space    used 10492K, capacity 11111K, committed 11176K, reserved 1048576K
GC Heap History (10 events):
Event: 809.273 GC heap after
Heap after GC invocations=21 (full 3):
 PSYoungGen      total 142848K, used 0K [0x00000000e0000000, 0x00000000ea780000, 0x0000000100000000)
  eden space 128512K, 0% used [0x00000000e0000000,0x00000000e0000000,0x00000000e7d80000)
  from space 14336K, 0% used [0x00000000e8c00000,0x00000000e8c00000,0x00000000e9a00000)
  to   space 14848K, 0% used [0x00000000e7d80000,0x00000000e7d80000,0x00000000e8c00000)
 ParOldGen       total 76800K, used 30577K [0x00000000a0000000, 0x00000000a4b00000, 0x00000000e0000000)
  object space 76800K, 39% used [0x00000000a0000000,0x00000000a1ddc418,0x00000000a4b00000)
 Metaspace       used 57451K, capacity 59128K, committed 59160K, reserved 1099776K
  class space    used 7816K, capacity 8210K, committed 8232K, reserved 1048576K
}
Event: 895.845 GC heap before
{Heap before GC invocations=22 (full 3):
 PSYoungGen      total 142848K, used 128512K [0x00000000e0000000, 0x00000000ea780000, 0x0000000100000000)
  eden space 128512K, 100% used [0x00000000e0000000,0x00000000e7d80000,0x00000000e7d80000)
  from space 14336K, 0% used [0x00000000e8c00000,0x00000000e8c00000,0x00000000e9a00000)
  to   space 14848K, 0% used [0x00000000e7d80000,0x00000000e7d80000,0x00000000e8c00000)
 ParOldGen       total 76800K, used 30577K [0x00000000a0000000, 0x00000000a4b00000, 0x00000000e0000000)
  object space 76800K, 39% used [0x00000000a0000000,0x00000000a1ddc418,0x00000000a4b00000)
 Metaspace       used 60525K, capacity 62510K, committed 62760K, reserved 1103872K
  class space    used 8226K, capacity 8711K, committed 8744K, reserved 1048576K
Event: 895.928 GC heap after
Heap after GC invocations=22 (full 3):
 PSYoungGen      total 143360K, used 13822K [0x00000000e0000000, 0x00000000ec000000, 0x0000000100000000)
  eden space 128512K, 0% used [0x00000000e0000000,0x00000000e0000000,0x00000000e7d80000)
  from space 14848K, 93% used [0x00000000e7d80000,0x00000000e8aff8a8,0x00000000e8c00000)
  to   space 16896K, 0% used [0x00000000eaf80000,0x00000000eaf80000,0x00000000ec000000)
 ParOldGen       total 76800K, used 30585K [0x00000000a0000000, 0x00000000a4b00000, 0x00000000e0000000)
  object space 76800K, 39% used [0x00000000a0000000,0x00000000a1dde418,0x00000000a4b00000)
 Metaspace       used 60525K, capacity 62510K, committed 62760K, reserved 1103872K
  class space    used 8226K, capacity 8711K, committed 8744K, reserved 1048576K
}
Event: 923.290 GC heap before
{Heap before GC invocations=23 (full 3):
 PSYoungGen      total 143360K, used 142334K [0x00000000e0000000, 0x00000000ec000000, 0x0000000100000000)
  eden space 128512K, 100% used [0x00000000e0000000,0x00000000e7d80000,0x00000000e7d80000)
  from space 14848K, 93% used [0x00000000e7d80000,0x00000000e8aff8a8,0x00000000e8c00000)
  to   space 16896K, 0% used [0x00000000eaf80000,0x00000000eaf80000,0x00000000ec000000)
 ParOldGen       total 76800K, used 30585K [0x00000000a0000000, 0x00000000a4b00000, 0x00000000e0000000)
  object space 76800K, 39% used [0x00000000a0000000,0x00000000a1dde418,0x00000000a4b00000)
 Metaspace       used 63863K, capacity 65944K, committed 66216K, reserved 1105920K
  class space    used 8593K, capacity 9076K, committed 9128K, reserved 1048576K
Event: 923.376 GC heap after
Heap after GC invocations=23 (full 3):
 PSYoungGen      total 172544K, used 4627K [0x00000000e0000000, 0x00000000ebb80000, 0x0000000100000000)
  eden space 160256K, 0% used [0x00000000e0000000,0x00000000e0000000,0x00000000e9c80000)
  from space 12288K, 37% used [0x00000000eaf80000,0x00000000eb404d58,0x00000000ebb80000)
  to   space 15872K, 0% used [0x00000000e9c80000,0x00000000e9c80000,0x00000000eac00000)
 ParOldGen       total 76800K, used 40276K [0x00000000a0000000, 0x00000000a4b00000, 0x00000000e0000000)
  object space 76800K, 52% used [0x00000000a0000000,0x00000000a2755010,0x00000000a4b00000)
 Metaspace       used 63863K, capacity 65944K, committed 66216K, reserved 1105920K
  class space    used 8593K, capacity 9076K, committed 9128K, reserved 1048576K
}
Event: 933.997 GC heap before
{Heap before GC invocations=24 (full 3):
 PSYoungGen      total 172544K, used 164883K [0x00000000e0000000, 0x00000000ebb80000, 0x0000000100000000)
  eden space 160256K, 100% used [0x00000000e0000000,0x00000000e9c80000,0x00000000e9c80000)
  from space 12288K, 37% used [0x00000000eaf80000,0x00000000eb404d58,0x00000000ebb80000)
  to   space 15872K, 0% used [0x00000000e9c80000,0x00000000e9c80000,0x00000000eac00000)
 ParOldGen       total 76800K, used 40276K [0x00000000a0000000, 0x00000000a4b00000, 0x00000000e0000000)
  object space 76800K, 52% used [0x00000000a0000000,0x00000000a2755010,0x00000000a4b00000)
 Metaspace       used 70572K, capacity 72702K, committed 72872K, reserved 1112064K
  class space    used 9327K, capacity 9859K, committed 9896K, reserved 1048576K
Event: 934.138 GC heap after
Heap after GC invocations=24 (full 3):
 PSYoungGen      total 176128K, used 9767K [0x00000000e0000000, 0x00000000ee480000, 0x0000000100000000)
  eden space 160256K, 0% used [0x00000000e0000000,0x00000000e0000000,0x00000000e9c80000)
  from space 15872K, 61% used [0x00000000e9c80000,0x00000000ea609c70,0x00000000eac00000)
  to   space 16384K, 0% used [0x00000000ed480000,0x00000000ed480000,0x00000000ee480000)
 ParOldGen       total 76800K, used 42429K [0x00000000a0000000, 0x00000000a4b00000, 0x00000000e0000000)
  object space 76800K, 55% used [0x00000000a0000000,0x00000000a296f408,0x00000000a4b00000)
 Metaspace       used 70572K, capacity 72702K, committed 72872K, reserved 1112064K
  class space    used 9327K, capacity 9859K, committed 9896K, reserved 1048576K
}
Event: 947.831 GC heap before
{Heap before GC invocations=25 (full 3):
 PSYoungGen      total 176128K, used 170023K [0x00000000e0000000, 0x00000000ee480000, 0x0000000100000000)
  eden space 160256K, 100% used [0x00000000e0000000,0x00000000e9c80000,0x00000000e9c80000)
  from space 15872K, 61% used [0x00000000e9c80000,0x00000000ea609c70,0x00000000eac00000)
  to   space 16384K, 0% used [0x00000000ed480000,0x00000000ed480000,0x00000000ee480000)
 ParOldGen       total 76800K, used 42429K [0x00000000a0000000, 0x00000000a4b00000, 0x00000000e0000000)
  object space 76800K, 55% used [0x00000000a0000000,0x00000000a296f408,0x00000000a4b00000)
 Metaspace       used 77675K, capacity 80504K, committed 80680K, reserved 1118208K
  class space    used 10352K, capacity 10966K, committed 11048K, reserved 1048576K
Event: 947.988 GC heap after
Heap after GC invocations=25 (full 3):
 PSYoungGen      total 208384K, used 16367K [0x00000000e0000000, 0x00000000ef700000, 0x0000000100000000)
  eden space 192000K, 0% used [0x00000000e0000000,0x00000000e0000000,0x00000000ebb80000)
  from space 16384K, 99% used [0x00000000ed480000,0x00000000ee47be10,0x00000000ee480000)
  to   space 25600K, 0% used [0x00000000ebb80000,0x00000000ebb80000,0x00000000ed480000)
 ParOldGen       total 76800K, used 59673K [0x00000000a0000000, 0x00000000a4b00000, 0x00000000e0000000)
  object space 76800K, 77% used [0x00000000a0000000,0x00000000a3a46428,0x00000000a4b00000)
 Metaspace       used 77675K, capacity 80504K, committed 80680K, reserved 1118208K
  class space    used 10352K, capacity 10966K, committed 11048K, reserved 1048576K
}
Event: 954.608 GC heap before
{Heap before GC invocations=26 (full 3):
 PSYoungGen      total 208384K, used 208367K [0x00000000e0000000, 0x00000000ef700000, 0x0000000100000000)
  eden space 192000K, 100% used [0x00000000e0000000,0x00000000ebb80000,0x00000000ebb80000)
  from space 16384K, 99% used [0x00000000ed480000,0x00000000ee47be10,0x00000000ee480000)
  to   space 25600K, 0% used [0x00000000ebb80000,0x00000000ebb80000,0x00000000ed480000)
 ParOldGen       total 76800K, used 59673K [0x00000000a0000000, 0x00000000a4b00000, 0x00000000e0000000)
  object space 76800K, 77% used [0x00000000a0000000,0x00000000a3a46428,0x00000000a4b00000)
 Metaspace       used 78778K, capacity 81722K, committed 81832K, reserved 1120256K
  class space    used 10492K, capacity 11111K, committed 11176K, reserved 1048576K

